{"ts":1762329208524,"payload":{"detail":{"type":"window_blur","idx":0},"logs":[]}}
{"ts":1762329208533,"payload":{"detail":{"type":"window_blur","idx":0},"logs":[]}}
{"ts":1762329208538,"payload":{"detail":{"type":"window_blur","idx":0},"logs":[]}}
{"ts":1762329208546,"payload":{"detail":{"type":"window_blur","idx":0},"logs":[]}}
{"ts":1762329219061,"payload":{"detail":{"type":"window_blur","idx":0},"logs":[]}}
{"ts":1762329219065,"payload":{"detail":{"type":"window_blur","idx":0},"logs":[]}}
{"ts":1762329219240,"payload":{"detail":{"type":"visibility_hidden","idx":0},"logs":[]}}
{"ts":1762329219259,"payload":{"detail":{"type":"visibility_hidden","idx":0},"logs":[]}}
{"ts":1762329373327,"payload":{"detail":{"type":"visibility_shown","idx":0},"logs":[]}}
{"ts":1762329373333,"payload":{"detail":{"type":"visibility_shown","idx":0},"logs":[]}}
{"ts":1762329374558,"payload":{"detail":{"type":"window_blur","idx":0},"logs":[]}}
{"ts":1762329374580,"payload":{"detail":{"type":"window_blur","idx":0},"logs":[]}}
{"ts":1762329374584,"payload":{"detail":{"type":"visibility_hidden","idx":0},"logs":[]}}
{"ts":1762329374588,"payload":{"detail":{"type":"visibility_hidden","idx":0},"logs":[]}}
{"ts":1762329376073,"payload":{"detail":{"type":"visibility_shown","idx":0},"logs":[]}}
{"ts":1762329376078,"payload":{"detail":{"type":"visibility_shown","idx":0},"logs":[]}}
{"ts":1762329377298,"payload":{"detail":{"type":"window_blur","idx":0},"logs":[]}}
{"ts":1762329377301,"payload":{"detail":{"type":"window_blur","idx":0},"logs":[]}}
{"ts":1762329377500,"payload":{"detail":{"type":"visibility_hidden","idx":0},"logs":[]}}
{"ts":1762329377552,"payload":{"detail":{"type":"visibility_hidden","idx":0},"logs":[]}}
{"ts":1762329458468,"payload":{"detail":{"type":"window_blur","idx":0},"logs":[]}}
{"ts":1762329458478,"payload":{"detail":{"type":"window_blur","idx":0},"logs":[]}}
{"ts":1762329458483,"payload":{"detail":{"type":"visibility_hidden","idx":0},"logs":[]}}
{"ts":1762329458503,"payload":{"detail":{"type":"visibility_hidden","idx":0},"logs":[]}}
{"ts":1762329528674,"payload":{"detail":{"type":"window_blur","idx":0},"logs":[]}}
{"ts":1762329528679,"payload":{"detail":{"type":"visibility_hidden","idx":0},"logs":[]}}
{"ts":1762329528719,"payload":{"detail":{"type":"visibility_hidden","idx":0},"logs":[]}}
{"ts":1762329528730,"payload":{"detail":{"type":"window_blur","idx":0},"logs":[]}}
{"ts":1762329532796,"payload":{"detail":{"type":"window_blur","idx":0},"logs":[]}}
{"ts":1762329532802,"payload":{"detail":{"type":"window_blur","idx":0},"logs":[]}}
{"ts":1762329532996,"payload":{"detail":{"type":"visibility_hidden","idx":0},"logs":[]}}
{"ts":1762329533005,"payload":{"detail":{"type":"visibility_hidden","idx":0},"logs":[]}}
{"ts":1762329583041,"payload":{"detail":{"type":"shortcut_c","idx":0},"logs":[]}}
{"ts":1762329583050,"payload":{"detail":{"type":"shortcut_c","idx":0},"logs":[]}}
{"ts":1762329583977,"payload":{"detail":{"type":"window_blur","idx":0},"logs":[]}}
{"ts":1762329583982,"payload":{"detail":{"type":"window_blur","idx":0},"logs":[]}}
{"ts":1762329584260,"payload":{"detail":{"type":"visibility_hidden","idx":0},"logs":[]}}
{"ts":1762329584275,"payload":{"detail":{"type":"visibility_hidden","idx":0},"logs":[]}}
{"ts":1762329592556,"payload":{"detail":{"type":"shortcut_c","idx":0},"logs":[]}}
{"ts":1762329592565,"payload":{"detail":{"type":"shortcut_c","idx":0},"logs":[]}}
{"ts":1762329594146,"payload":{"detail":{"type":"window_blur","idx":0},"logs":[]}}
{"ts":1762329594190,"payload":{"detail":{"type":"window_blur","idx":0},"logs":[]}}
{"ts":1762329594364,"payload":{"detail":{"type":"visibility_hidden","idx":0},"logs":[]}}
{"ts":1762329594404,"payload":{"detail":{"type":"visibility_hidden","idx":0},"logs":[]}}
{"ts":1762329804838,"payload":{"detail":{"type":"window_blur","idx":0},"logs":[]}}
{"ts":1762329804859,"payload":{"detail":{"type":"window_blur","idx":0},"logs":[]}}
{"ts":1762329804891,"payload":{"detail":{"type":"visibility_hidden","idx":0},"logs":[]}}
{"ts":1762329804899,"payload":{"detail":{"type":"visibility_hidden","idx":0},"logs":[]}}
{"ts":1762329808011,"payload":{"detail":{"type":"window_blur","idx":0},"logs":[]}}
{"ts":1762329808087,"payload":{"detail":{"type":"window_blur","idx":0},"logs":[]}}
{"ts":1762329808125,"payload":{"detail":{"type":"visibility_hidden","idx":0},"logs":[]}}
{"ts":1762329808149,"payload":{"detail":{"type":"visibility_hidden","idx":0},"logs":[]}}
{"ts":1762329847005,"payload":{"detail":{"type":"window_blur","idx":0},"logs":[]}}
{"ts":1762329847014,"payload":{"detail":{"type":"window_blur","idx":0},"logs":[]}}
{"ts":1762329850620,"payload":{"detail":{"type":"window_blur","idx":0},"logs":[]}}
{"ts":1762329850627,"payload":{"detail":{"type":"window_blur","idx":0},"logs":[]}}
{"ts":1762352792122,"payload":{"type":"contextmenu","questionIndex":0}}
{"ts":1762352794122,"payload":{"type":"window_blur","questionIndex":0}}
{"ts":1762352796955,"payload":{"type":"window_blur","questionIndex":0}}
{"ts":1762352797603,"payload":{"type":"window_blur","questionIndex":0}}
{"ts":1762352798193,"payload":{"type":"window_blur","questionIndex":0}}
{"ts":1762352800889,"payload":{"type":"window_blur","questionIndex":0}}
{"ts":1762352803707,"payload":{"type":"window_blur","questionIndex":0}}
{"ts":1762352806000,"payload":{"type":"window_blur","questionIndex":0}}
{"ts":1762352810948,"payload":{"type":"window_blur","questionIndex":0}}
{"ts":1762352816385,"payload":{"type":"window_blur","questionIndex":0}}
{"ts":1762352816392,"payload":{"type":"tab_switch","questionIndex":0}}
{"ts":1762352819057,"payload":{"type":"window_blur","questionIndex":0}}
{"ts":1762352820504,"payload":{"type":"window_blur","questionIndex":0}}
{"ts":1762352824714,"payload":{"type":"window_blur","questionIndex":0}}
{"ts":1762352825865,"payload":{"type":"window_blur","questionIndex":0}}
{"ts":1762352833575,"payload":{"type":"window_blur","questionIndex":0}}
{"ts":1762352835282,"payload":{"type":"window_blur","questionIndex":0}}
{"ts":1762352844724,"payload":{"type":"window_blur","questionIndex":0}}
{"ts":1762352845764,"payload":{"type":"window_blur","questionIndex":0}}
{"ts":1762352845845,"payload":{"type":"tab_switch","questionIndex":0}}
{"ts":1762353278159,"payload":{"type":"tab_switch","questionIndex":0}}
{"ts":1762353280459,"payload":{"type":"window_blur","questionIndex":0}}
{"ts":1762353282061,"payload":{"type":"window_blur","questionIndex":0}}
{"ts":1762353777221,"payload":{"type":"contextmenu","questionIndex":0}}
{"ts":1762353780418,"payload":{"type":"window_blur","questionIndex":0}}
{"ts":1762353827277,"payload":{"type":"window_blur","questionIndex":0}}
{"ts":1762354579988,"payload":{"type":"window_blur","questionIndex":0}}
{"ts":1762354581420,"payload":{"type":"window_blur","questionIndex":0}}
